<?xml version="1.0" encoding="UTF-8"?>
<!-- Generated by org.testng.reporters.JUnitXMLReporter -->
<testsuite ignored="4" hostname="LIN65004458" failures="0" tests="1" name="Loans" time="0.004" errors="0" timestamp="2025-01-29T14:43:26 IST">
  <testcase classname="testNGDemo.Demo5" name="demoTest" time="0.001"/>
  <testcase classname="testNGDemo.Demo5" name="MobileLogin" time="0.0">
    <ignored/>
  </testcase> <!-- MobileLogin -->
  <testcase classname="testNGDemo.Demo5" name="MobileSearch" time="0.0">
    <ignored/>
  </testcase> <!-- MobileSearch -->
  <testcase classname="testNGDemo.Demo5" name="WebTest" time="0.0">
    <ignored/>
  </testcase> <!-- WebTest -->
  <testcase classname="testNGDemo.Demo5" name="MobileLogout" time="0.0">
    <ignored/>
  </testcase> <!-- MobileLogout -->
</testsuite> <!-- Loans -->
