<?xml version="1.0" encoding="UTF-8"?>
<!-- Generated by org.testng.reporters.JUnitXMLReporter -->
<testsuite ignored="1" hostname="LIN65004458" failures="0" tests="3" name="PersonalLoan" time="0.062" errors="0" timestamp="2025-01-29T14:43:25 IST">
  <testcase classname="testNGDemo.Demo3" name="MobileLoginHomeLoan" time="0.005"/>
  <testcase classname="testNGDemo.Demo3" name="WebLoginHomeLoan" time="0.002"/>
  <testcase classname="testNGDemo.Demo3" name="getParameters" time="0.002"/>
  <testcase classname="testNGDemo.Demo3" name="APILoginHomeLoan" time="0.0">
    <ignored/>
  </testcase> <!-- APILoginHomeLoan -->
</testsuite> <!-- PersonalLoan -->
