<?xml version="1.0" encoding="UTF-8"?>
<!-- Generated by org.testng.reporters.JUnitXMLReporter -->
<testsuite ignored="5" hostname="LIN65004458" failures="0" tests="10" name="Regression" time="0.078" errors="0" timestamp="2025-01-28T16:40:13 IST">
  <testcase classname="testNGDemo.Demo1Test" name="secondTest" time="0.006"/>
  <testcase classname="testNGDemo.Demo3" name="APILoginHomeLoan" time="0.001"/>
  <testcase classname="testNGDemo.Demo3" name="MobileLoginHomeLoan" time="0.001"/>
  <testcase classname="testNGDemo.Demo4" name="APILoginPersonalLoan" time="0.003"/>
  <testcase classname="testNGDemo.Demo4" name="MobileLoginPersonalLoan" time="0.002"/>
  <testcase classname="testNGDemo.Demo4" name="WebLoginPersonalLoan" time="0.001"/>
  <testcase classname="testNGDemo.Demo5" name="MobileLogin" time="0.003"/>
  <testcase classname="testNGDemo.Demo5" name="MobileLogout" time="0.002"/>
  <testcase classname="testNGDemo.Demo5" name="MobileSearch" time="0.001"/>
  <testcase classname="testNGDemo.Demo5" name="WebTest" time="0.001"/>
  <testcase classname="testNGDemo.Demo5" name="demoTest" time="0.0">
    <ignored/>
  </testcase> <!-- demoTest -->
  <testcase classname="testNGDemo.Demo2" name="demo2" time="0.0">
    <ignored/>
  </testcase> <!-- demo2 -->
  <testcase classname="testNGDemo.Demo3" name="WebLoginHomeLoan" time="0.0">
    <ignored/>
  </testcase> <!-- WebLoginHomeLoan -->
  <testcase classname="testNGDemo.Demo1Test" name="demo1" time="0.0">
    <ignored/>
  </testcase> <!-- demo1 -->
  <testcase classname="testNGDemo.Demo4" name="testingTest" time="0.0">
    <ignored/>
  </testcase> <!-- testingTest -->
</testsuite> <!-- Regression -->
