<?xml version="1.0" encoding="UTF-8"?>
<testng-results ignored="0" total="1" passed="1" failed="0" skipped="0">
  <reporter-output>
  </reporter-output>
  <suite started-at="2025-02-06T12:33:52 IST" name="Default suite" finished-at="2025-02-06T12:33:59 IST" duration-ms="7232">
    <groups>
    </groups>
    <test started-at="2025-02-06T12:33:52 IST" name="Default test" finished-at="2025-02-06T12:33:59 IST" duration-ms="7232">
      <class name="Frameworks25.ExtentReports25.ExtentReportsDemo">
        <test-method is-config="true" signature="reportConfig()[pri:0, instance:Frameworks25.ExtentReports25.ExtentReportsDemo@6e6f2380]" started-at="2025-02-06T12:33:52 IST" name="reportConfig" finished-at="2025-02-06T12:33:52 IST" duration-ms="281" status="PASS">
          <reporter-output>
          </reporter-output>
        </test-method> <!-- reportConfig -->
        <test-method signature="initialDemo()[pri:0, instance:Frameworks25.ExtentReports25.ExtentReportsDemo@6e6f2380]" started-at="2025-02-06T12:33:53 IST" name="initialDemo" finished-at="2025-02-06T12:33:59 IST" duration-ms="6913" status="PASS">
          <reporter-output>
          </reporter-output>
        </test-method> <!-- initialDemo -->
      </class> <!-- Frameworks25.ExtentReports25.ExtentReportsDemo -->
    </test> <!-- Default test -->
  </suite> <!-- Default suite -->
</testng-results>
